2020-56-13 15:56:17.009 [main] INFO  org.practicalsolutions.service.Tasks - Method fizzBuzzString start working
2020-56-13 15:56:17.011 [main] INFO  org.practicalsolutions.service.Tasks - Method fizzBuzzString finished own work
2020-56-13 15:56:17.011 [main] INFO  org.practicalsolutions.service.Tasks - Method middleTwo start
2020-56-13 15:56:17.011 [main] INFO  org.practicalsolutions.service.Tasks - Method middleTwo finished
2020-56-13 15:56:17.011 [main] DEBUG org.practicalsolutions.service.Tasks - Debug Message Logged !!!
2020-56-13 15:56:17.012 [main] INFO  org.practicalsolutions.service.Tasks - Info Message Logged !!!
2020-56-13 15:56:17.012 [main] ERROR org.practicalsolutions.service.Tasks - Error Message Logged !!!
java.lang.NullPointerException: NullError
	at org.practicalsolutions.service.Tasks.main(Tasks.java:16) [classes/:?]
2020-56-13 15:56:20.171 [main] INFO  org.practicalsolutions.service.Tasks - Method fizzBuzzString start working
2020-56-13 15:56:20.173 [main] INFO  org.practicalsolutions.service.Tasks - Method fizzBuzzString finished own work
2020-56-13 15:56:20.173 [main] INFO  org.practicalsolutions.service.Tasks - Method middleTwo start
2020-56-13 15:56:20.173 [main] INFO  org.practicalsolutions.service.Tasks - Method middleTwo finished
2020-56-13 15:56:20.174 [main] DEBUG org.practicalsolutions.service.Tasks - Debug Message Logged !!!
2020-56-13 15:56:20.174 [main] INFO  org.practicalsolutions.service.Tasks - Info Message Logged !!!
2020-56-13 15:56:20.174 [main] ERROR org.practicalsolutions.service.Tasks - Error Message Logged !!!
java.lang.NullPointerException: NullError
	at org.practicalsolutions.service.Tasks.main(Tasks.java:16) [classes/:?]
2020-07-13 16:07:14.501 [main] INFO  org.practicalsolutions.service.Tasks - Method fizzBuzzString start working
2020-07-13 16:07:14.504 [main] INFO  org.practicalsolutions.service.Tasks - Method fizzBuzzString finished own work
2020-07-13 16:07:14.504 [main] INFO  org.practicalsolutions.service.Tasks - Method middleTwo start
2020-07-13 16:07:14.504 [main] INFO  org.practicalsolutions.service.Tasks - Method middleTwo finished
2020-07-13 16:07:14.504 [main] DEBUG org.practicalsolutions.service.Tasks - Debug Message Logged !!!
2020-07-13 16:07:14.504 [main] INFO  org.practicalsolutions.service.Tasks - Info Message Logged !!!
2020-07-13 16:07:14.504 [main] ERROR org.practicalsolutions.service.Tasks - Error Message Logged !!!
java.lang.NullPointerException: NullError
	at org.practicalsolutions.service.Tasks.main(Tasks.java:16) [classes/:?]
2020-13-13 16:13:54.647 [main] INFO  org.practicalsolutions.service.Tasks - Method fizzBuzzString start working
2020-13-13 16:13:54.649 [main] INFO  org.practicalsolutions.service.Tasks - Method fizzBuzzString finished own work
2020-13-13 16:13:54.649 [main] INFO  org.practicalsolutions.service.Tasks - Method middleTwo start
2020-13-13 16:13:54.649 [main] INFO  org.practicalsolutions.service.Tasks - Method middleTwo finished
2020-13-13 16:13:54.650 [main] DEBUG org.practicalsolutions.service.Tasks - Debug Message Logged !!!
2020-13-13 16:13:54.650 [main] INFO  org.practicalsolutions.service.Tasks - Info Message Logged !!!
2020-13-13 16:13:54.650 [main] ERROR org.practicalsolutions.service.Tasks - Error Message Logged !!!
java.lang.NullPointerException: NullError
	at org.practicalsolutions.service.Tasks.main(Tasks.java:16) [classes/:?]
2020-34-13 16:34:58.557 [main] INFO  org.practicalsolutions.service.Tasks - Method fizzBuzzString start working
2020-34-13 16:34:58.559 [main] INFO  org.practicalsolutions.service.Tasks - Method fizzBuzzString finished own work
2020-34-13 16:34:58.559 [main] INFO  org.practicalsolutions.service.Tasks - Method middleTwo start
2020-34-13 16:34:58.559 [main] INFO  org.practicalsolutions.service.Tasks - Method middleTwo finished
2020-34-13 16:34:58.559 [main] DEBUG org.practicalsolutions.service.Tasks - Debug Message Logged !!!
2020-34-13 16:34:58.560 [main] INFO  org.practicalsolutions.service.Tasks - Info Message Logged !!!
2020-34-13 16:34:58.560 [main] ERROR org.practicalsolutions.service.Tasks - Error Message Logged !!!
java.lang.NullPointerException: NullError
	at org.practicalsolutions.service.Tasks.main(Tasks.java:13) [classes/:?]
2020-10-14 22:10:06.792 [main] INFO  org.practicalsolutions.service.Tasks - Method fizzBuzzString start working
2020-10-14 22:10:06.814 [main] INFO  org.practicalsolutions.service.Tasks - Method fizzBuzzString finished own work
2020-10-14 22:10:06.814 [main] DEBUG org.practicalsolutions.service.Tasks - Debug Message Logged !!!
2020-10-14 22:10:06.814 [main] INFO  org.practicalsolutions.service.Tasks - Info Message Logged !!!
2020-10-14 22:10:06.815 [main] ERROR org.practicalsolutions.service.Tasks - Error Message Logged !!!
java.lang.NullPointerException: NullError
	at org.practicalsolutions.service.Tasks.main(Tasks.java:13) [classes/:?]
2020-10-14 22:10:40.669 [main] INFO  org.practicalsolutions.service.Tasks - Method fizzBuzzString start working
2020-10-14 22:10:40.671 [main] INFO  org.practicalsolutions.service.Tasks - Method fizzBuzzString finished own work
2020-10-14 22:10:40.671 [main] DEBUG org.practicalsolutions.service.Tasks - Debug Message Logged !!!
2020-10-14 22:10:40.671 [main] INFO  org.practicalsolutions.service.Tasks - Info Message Logged !!!
2020-10-14 22:10:40.672 [main] ERROR org.practicalsolutions.service.Tasks - Error Message Logged !!!
java.lang.NullPointerException: NullError
	at org.practicalsolutions.service.Tasks.main(Tasks.java:13) [classes/:?]
2020-10-14 22:10:52.640 [main] INFO  org.practicalsolutions.service.Tasks - Method fizzBuzzString start working
2020-10-14 22:10:52.642 [main] INFO  org.practicalsolutions.service.Tasks - Method fizzBuzzString finished own work
2020-10-14 22:10:52.642 [main] DEBUG org.practicalsolutions.service.Tasks - Debug Message Logged !!!
2020-10-14 22:10:52.643 [main] INFO  org.practicalsolutions.service.Tasks - Info Message Logged !!!
2020-10-14 22:10:52.643 [main] ERROR org.practicalsolutions.service.Tasks - Error Message Logged !!!
java.lang.NullPointerException: NullError
	at org.practicalsolutions.service.Tasks.main(Tasks.java:13) [classes/:?]
2020-08-19 19:08:56.472 [main] DEBUG org.practicalsolutions.service.Tasks - Debug Message Logged !!!
2020-08-19 19:08:56.476 [main] INFO  org.practicalsolutions.service.Tasks - Info Message Logged !!!
2020-08-19 19:08:56.476 [main] ERROR org.practicalsolutions.service.Tasks - Error Message Logged !!!
java.lang.NullPointerException: NullError
	at org.practicalsolutions.service.Tasks.main(Tasks.java:13) [classes/:?]
2020-13-19 19:13:53.954 [main] DEBUG org.practicalsolutions.service.Tasks - Debug Message Logged !!!
2020-13-19 19:13:53.957 [main] INFO  org.practicalsolutions.service.Tasks - Info Message Logged !!!
2020-13-19 19:13:53.957 [main] ERROR org.practicalsolutions.service.Tasks - Error Message Logged !!!
java.lang.NullPointerException: NullError
	at org.practicalsolutions.service.Tasks.main(Tasks.java:13) [classes/:?]
2020-15-19 19:15:28.819 [main] DEBUG org.practicalsolutions.service.Tasks - Debug Message Logged !!!
2020-15-19 19:15:28.821 [main] INFO  org.practicalsolutions.service.Tasks - Info Message Logged !!!
2020-15-19 19:15:28.822 [main] ERROR org.practicalsolutions.service.Tasks - Error Message Logged !!!
java.lang.NullPointerException: NullError
	at org.practicalsolutions.service.Tasks.main(Tasks.java:13) [classes/:?]
2020-15-19 19:15:51.963 [main] DEBUG org.practicalsolutions.service.Tasks - Debug Message Logged !!!
2020-15-19 19:15:51.965 [main] INFO  org.practicalsolutions.service.Tasks - Info Message Logged !!!
2020-15-19 19:15:51.965 [main] ERROR org.practicalsolutions.service.Tasks - Error Message Logged !!!
java.lang.NullPointerException: NullError
	at org.practicalsolutions.service.Tasks.main(Tasks.java:13) [classes/:?]
2020-17-19 19:17:08.291 [main] DEBUG org.practicalsolutions.service.Tasks - Debug Message Logged !!!
2020-17-19 19:17:08.294 [main] INFO  org.practicalsolutions.service.Tasks - Info Message Logged !!!
2020-17-19 19:17:08.294 [main] ERROR org.practicalsolutions.service.Tasks - Error Message Logged !!!
java.lang.NullPointerException: NullError
	at org.practicalsolutions.service.Tasks.main(Tasks.java:13) [classes/:?]
2020-17-19 19:17:22.244 [main] DEBUG org.practicalsolutions.service.Tasks - Debug Message Logged !!!
2020-17-19 19:17:22.247 [main] INFO  org.practicalsolutions.service.Tasks - Info Message Logged !!!
2020-17-19 19:17:22.248 [main] ERROR org.practicalsolutions.service.Tasks - Error Message Logged !!!
java.lang.NullPointerException: NullError
	at org.practicalsolutions.service.Tasks.main(Tasks.java:13) [classes/:?]
2020-17-19 19:17:34.644 [main] DEBUG org.practicalsolutions.service.Tasks - Debug Message Logged !!!
2020-17-19 19:17:34.647 [main] INFO  org.practicalsolutions.service.Tasks - Info Message Logged !!!
2020-17-19 19:17:34.647 [main] ERROR org.practicalsolutions.service.Tasks - Error Message Logged !!!
java.lang.NullPointerException: NullError
	at org.practicalsolutions.service.Tasks.main(Tasks.java:13) [classes/:?]
2020-37-19 19:37:02.887 [main] DEBUG org.practicalsolutions.service.Tasks - Debug Message Logged !!!
2020-37-19 19:37:02.891 [main] INFO  org.practicalsolutions.service.Tasks - Info Message Logged !!!
2020-37-19 19:37:02.891 [main] ERROR org.practicalsolutions.service.Tasks - Error Message Logged !!!
java.lang.NullPointerException: NullError
	at org.practicalsolutions.service.Tasks.main(Tasks.java:13) [classes/:?]
2020-28-03 22:28:13.755 [main] DEBUG org.practicalsolutions.service.Tasks - Debug Message Logged !!!
2020-28-03 22:28:13.764 [main] INFO  org.practicalsolutions.service.Tasks - Info Message Logged !!!
2020-28-03 22:28:13.765 [main] ERROR org.practicalsolutions.service.Tasks - Error Message Logged !!!
java.lang.NullPointerException: NullError
	at org.practicalsolutions.service.Tasks.main(Tasks.java:13) [classes/:?]
2020-29-03 22:29:26.086 [main] DEBUG org.practicalsolutions.service.Tasks - Debug Message Logged !!!
2020-29-03 22:29:26.089 [main] INFO  org.practicalsolutions.service.Tasks - Info Message Logged !!!
2020-29-03 22:29:26.089 [main] ERROR org.practicalsolutions.service.Tasks - Error Message Logged !!!
java.lang.NullPointerException: NullError
	at org.practicalsolutions.service.Tasks.main(Tasks.java:15) [classes/:?]
2020-34-03 22:34:03.514 [main] DEBUG org.practicalsolutions.service.Tasks - Debug Message Logged !!!
2020-34-03 22:34:03.518 [main] INFO  org.practicalsolutions.service.Tasks - Info Message Logged !!!
2020-34-03 22:34:03.518 [main] ERROR org.practicalsolutions.service.Tasks - Error Message Logged !!!
java.lang.NullPointerException: NullError
	at org.practicalsolutions.service.Tasks.main(Tasks.java:18) [classes/:?]
2020-36-03 22:36:39.869 [main] DEBUG org.practicalsolutions.service.Tasks - Debug Message Logged !!!
2020-36-03 22:36:39.872 [main] INFO  org.practicalsolutions.service.Tasks - Info Message Logged !!!
2020-36-03 22:36:39.873 [main] ERROR org.practicalsolutions.service.Tasks - Error Message Logged !!!
java.lang.NullPointerException: NullError
	at org.practicalsolutions.service.Tasks.main(Tasks.java:18) [classes/:?]
2020-42-03 22:42:54.185 [main] DEBUG org.practicalsolutions.service.Tasks - Debug Message Logged !!!
2020-42-03 22:42:54.200 [main] INFO  org.practicalsolutions.service.Tasks - Info Message Logged !!!
2020-42-03 22:42:54.202 [main] ERROR org.practicalsolutions.service.Tasks - Error Message Logged !!!
java.lang.NullPointerException: NullError
	at org.practicalsolutions.service.Tasks.main(Tasks.java:18) [classes/:?]
2020-43-03 22:43:09.299 [main] DEBUG org.practicalsolutions.service.Tasks - Debug Message Logged !!!
2020-43-03 22:43:09.302 [main] INFO  org.practicalsolutions.service.Tasks - Info Message Logged !!!
2020-43-03 22:43:09.302 [main] ERROR org.practicalsolutions.service.Tasks - Error Message Logged !!!
java.lang.NullPointerException: NullError
	at org.practicalsolutions.service.Tasks.main(Tasks.java:18) [classes/:?]
2020-43-03 22:43:15.221 [main] DEBUG org.practicalsolutions.service.Tasks - Debug Message Logged !!!
2020-43-03 22:43:15.224 [main] INFO  org.practicalsolutions.service.Tasks - Info Message Logged !!!
2020-43-03 22:43:15.248 [main] ERROR org.practicalsolutions.service.Tasks - Error Message Logged !!!
java.lang.NullPointerException: NullError
	at org.practicalsolutions.service.Tasks.main(Tasks.java:18) [classes/:?]
2020-45-03 22:45:07.351 [main] DEBUG org.practicalsolutions.service.Tasks - Debug Message Logged !!!
2020-45-03 22:45:07.354 [main] INFO  org.practicalsolutions.service.Tasks - Info Message Logged !!!
2020-45-03 22:45:07.354 [main] ERROR org.practicalsolutions.service.Tasks - Error Message Logged !!!
java.lang.NullPointerException: NullError
	at org.practicalsolutions.service.Tasks.main(Tasks.java:18) [classes/:?]
